2013-11-23 06:01:04,505 INFO [org.hibernate.cfg.Environment] - Hibernate 3.3.2.GA
2013-11-23 06:01:04,520 INFO [org.hibernate.cfg.Environment] - hibernate.properties not found
2013-11-23 06:01:04,527 INFO [org.hibernate.cfg.Environment] - Bytecode provider name : javassist
2013-11-23 06:01:04,638 INFO [org.hibernate.cfg.Environment] - using JDK 1.4 java.sql.Timestamp handling
2013-11-23 06:01:05,985 INFO [org.hibernate.cfg.Configuration] - configuring from resource: /hibernate.cfg.xml
2013-11-23 06:01:05,985 INFO [org.hibernate.cfg.Configuration] - Configuration resource: /hibernate.cfg.xml
2013-11-23 06:01:06,400 INFO [org.hibernate.cfg.Configuration] - Reading mappings from resource : mapping/Course.hbm.xml
2013-11-23 06:01:06,693 INFO [org.hibernate.cfg.HbmBinder] - Mapping class: utbm.lo54.webapp.model.Course -> COURSE
2013-11-23 06:01:06,739 INFO [org.hibernate.cfg.Configuration] - Reading mappings from resource : mapping/Location.hbm.xml
2013-11-23 06:01:06,787 INFO [org.hibernate.cfg.HbmBinder] - Mapping class: utbm.lo54.webapp.model.Location -> location
2013-11-23 06:01:06,788 INFO [org.hibernate.cfg.Configuration] - Reading mappings from resource : mapping/CourseSession.hbm.xml
2013-11-23 06:01:06,818 INFO [org.hibernate.cfg.HbmBinder] - Mapping class: utbm.lo54.webapp.model.CourseSession -> course_session
2013-11-23 06:01:06,960 INFO [org.hibernate.cfg.Configuration] - Reading mappings from resource : mapping/Client.hbm.xml
2013-11-23 06:01:07,003 INFO [org.hibernate.cfg.HbmBinder] - Mapping class: utbm.lo54.webapp.model.Client -> client
2013-11-23 06:01:07,005 INFO [org.hibernate.cfg.Configuration] - Configured SessionFactory: null
2013-11-23 06:01:07,212 INFO [org.hibernate.connection.DriverManagerConnectionProvider] - Using Hibernate built-in connection pool (not for production use!)
2013-11-23 06:01:07,212 INFO [org.hibernate.connection.DriverManagerConnectionProvider] - Hibernate connection pool size: 20
2013-11-23 06:01:07,212 INFO [org.hibernate.connection.DriverManagerConnectionProvider] - autocommit mode: false
2013-11-23 06:01:07,401 INFO [org.hibernate.connection.DriverManagerConnectionProvider] - using driver: com.mysql.jdbc.Driver at URL: jdbc:mysql://localhost:3306/gesform_db
2013-11-23 06:01:07,402 INFO [org.hibernate.connection.DriverManagerConnectionProvider] - connection properties: {user=root, password=****}
2013-11-23 06:01:08,169 INFO [org.hibernate.cfg.SettingsFactory] - RDBMS: MySQL, version: 5.6.12-log
2013-11-23 06:01:08,169 INFO [org.hibernate.cfg.SettingsFactory] - JDBC driver: MySQL Connector Java, version: mysql-connector-java-5.1.26 ( Revision: ${bzr.revision-id} )
2013-11-23 06:01:08,253 INFO [org.hibernate.dialect.Dialect] - Using dialect: org.hibernate.dialect.MySQLDialect
2013-11-23 06:01:08,281 INFO [org.hibernate.transaction.TransactionFactoryFactory] - Using default transaction strategy (direct JDBC transactions)
2013-11-23 06:01:08,284 INFO [org.hibernate.transaction.TransactionManagerLookupFactory] - No TransactionManagerLookup configured (in JTA environment, use of read-write or transactional second-level cache is not recommended)
2013-11-23 06:01:08,285 INFO [org.hibernate.cfg.SettingsFactory] - Automatic flush during beforeCompletion(): disabled
2013-11-23 06:01:08,285 INFO [org.hibernate.cfg.SettingsFactory] - Automatic session close at end of transaction: disabled
2013-11-23 06:01:08,285 INFO [org.hibernate.cfg.SettingsFactory] - JDBC batch size: 15
2013-11-23 06:01:08,285 INFO [org.hibernate.cfg.SettingsFactory] - JDBC batch updates for versioned data: disabled
2013-11-23 06:01:08,286 INFO [org.hibernate.cfg.SettingsFactory] - Scrollable result sets: enabled
2013-11-23 06:01:08,286 INFO [org.hibernate.cfg.SettingsFactory] - JDBC3 getGeneratedKeys(): enabled
2013-11-23 06:01:08,286 INFO [org.hibernate.cfg.SettingsFactory] - Connection release mode: auto
2013-11-23 06:01:08,287 INFO [org.hibernate.cfg.SettingsFactory] - Maximum outer join fetch depth: 2
2013-11-23 06:01:08,287 INFO [org.hibernate.cfg.SettingsFactory] - Default batch fetch size: 1
2013-11-23 06:01:08,287 INFO [org.hibernate.cfg.SettingsFactory] - Generate SQL with comments: disabled
2013-11-23 06:01:08,287 INFO [org.hibernate.cfg.SettingsFactory] - Order SQL updates by primary key: disabled
2013-11-23 06:01:08,288 INFO [org.hibernate.cfg.SettingsFactory] - Order SQL inserts for batching: disabled
2013-11-23 06:01:08,288 INFO [org.hibernate.cfg.SettingsFactory] - Query translator: org.hibernate.hql.ast.ASTQueryTranslatorFactory
2013-11-23 06:01:08,291 INFO [org.hibernate.hql.ast.ASTQueryTranslatorFactory] - Using ASTQueryTranslatorFactory
2013-11-23 06:01:08,291 INFO [org.hibernate.cfg.SettingsFactory] - Query language substitutions: {}
2013-11-23 06:01:08,291 INFO [org.hibernate.cfg.SettingsFactory] - JPA-QL strict compliance: disabled
2013-11-23 06:01:08,291 INFO [org.hibernate.cfg.SettingsFactory] - Second-level cache: enabled
2013-11-23 06:01:08,291 INFO [org.hibernate.cfg.SettingsFactory] - Query cache: disabled
2013-11-23 06:01:08,292 INFO [org.hibernate.cfg.SettingsFactory] - Cache region factory : org.hibernate.cache.impl.NoCachingRegionFactory
2013-11-23 06:01:08,292 INFO [org.hibernate.cfg.SettingsFactory] - Optimize cache for minimal puts: disabled
2013-11-23 06:01:08,292 INFO [org.hibernate.cfg.SettingsFactory] - Structured second-level cache entries: disabled
2013-11-23 06:01:08,298 INFO [org.hibernate.cfg.SettingsFactory] - Echoing all SQL to stdout
2013-11-23 06:01:08,299 INFO [org.hibernate.cfg.SettingsFactory] - Statistics: disabled
2013-11-23 06:01:08,299 INFO [org.hibernate.cfg.SettingsFactory] - Deleted entity synthetic identifier rollback: disabled
2013-11-23 06:01:08,300 INFO [org.hibernate.cfg.SettingsFactory] - Default entity-mode: pojo
2013-11-23 06:01:08,300 INFO [org.hibernate.cfg.SettingsFactory] - Named query checking : enabled
2013-11-23 06:01:08,607 INFO [org.hibernate.impl.SessionFactoryImpl] - building session factory
2013-11-23 06:01:09,083 INFO [org.hibernate.impl.SessionFactoryObjectFactory] - Not binding factory to JNDI, no JNDI name configured
